<?xml version="1.0" encoding="UTF-8"?>
<!-- Generated by org.testng.reporters.JUnitXMLReporter -->
<testsuite ignored="0" hostname="LAPTOP-N8BR68GL" failures="1" tests="13" name="App Test" time="23.041" errors="0" timestamp="2025-01-30T08:47:34 IST">
  <testcase classname="com.qa.testcases.LoginPageTest" name="loginPageTitleTest" time="0.024">
    <skipped/>
  </testcase> <!-- loginPageTitleTest -->
  <testcase classname="com.qa.testcases.LoginPageTest" name="loginPageTitleTest" time="0.016">
    <skipped/>
  </testcase> <!-- loginPageTitleTest -->
  <testcase classname="com.qa.testcases.LoginPageTest" name="loginPageTitleTest" time="0.012">
    <skipped/>
  </testcase> <!-- loginPageTitleTest -->
  <testcase classname="com.qa.testcases.LoginPageTest" name="loginPageTitleTest" time="0.013">
    <skipped/>
  </testcase> <!-- loginPageTitleTest -->
  <testcase classname="com.qa.testcases.LoginPageTest" name="loginPageTitleTest" time="0.009">
    <skipped/>
  </testcase> <!-- loginPageTitleTest -->
  <testcase classname="com.qa.testcases.LoginPageTest" name="loginPageTitleTest" time="0.01">
    <skipped/>
  </testcase> <!-- loginPageTitleTest -->
  <testcase classname="com.qa.testcases.LoginPageTest" name="loginPageTitleTest" time="0.011">
    <skipped/>
  </testcase> <!-- loginPageTitleTest -->
  <testcase classname="com.qa.testcases.LoginPageTest" name="loginPageTitleTest" time="0.01">
    <skipped/>
  </testcase> <!-- loginPageTitleTest -->
  <testcase classname="com.qa.testcases.LoginPageTest" name="loginPageTitleTest" time="0.011">
    <skipped/>
  </testcase> <!-- loginPageTitleTest -->
  <testcase classname="com.qa.testcases.LoginPageTest" name="loginPageTitleTest" time="0.009">
    <skipped/>
  </testcase> <!-- loginPageTitleTest -->
  <testcase classname="com.qa.testcases.LoginPageTest" name="loginPageTitleTest" time="0.012">
    <failure type="java.lang.AssertionError" message="expected [Let&amp;apos;s Sho] but found [Let&amp;apos;s Shop]">
      <![CDATA[java.lang.AssertionError: expected [Let's Sho] but found [Let's Shop]
at com.qa.testcases.LoginPageTest.loginPageTitleTest(LoginPageTest.java:33)
at java.base/java.util.ArrayList.forEach(ArrayList.java:1596)
... Removed 31 stack frames]]>
    </failure>
  </testcase> <!-- loginPageTitleTest -->
  <testcase classname="com.qa.testcases.LoginPageTest" name="loginTest" time="0.263"/>
  <testcase classname="com.qa.testcases.ProductCataloguePageTest" name="productCataloguePageTitleTest" time="0.006"/>
</testsuite> <!-- App Test -->
